<?xml version="1.0" encoding="UTF-8"?>
<testng-results skipped="0" failed="0" total="1" passed="1">
  <reporter-output>
  </reporter-output>
  <suite name="Suite" duration-ms="22" started-at="2015-01-03T14:34:47Z" finished-at="2015-01-03T14:34:47Z">
    <groups>
    </groups>
    <test name="TestInheritance" duration-ms="22" started-at="2015-01-03T14:34:47Z" finished-at="2015-01-03T14:34:47Z">
      <class name="test.TestInheritance">
        <test-method status="PASS" signature="testInheritance1()[pri:0, instance:test.TestInheritance]" name="testInheritance1" duration-ms="10" started-at="2015-01-03T20:04:47Z" finished-at="2015-01-03T20:04:47Z">
          <reporter-output>
          </reporter-output>
        </test-method> <!-- testInheritance1 -->
      </class> <!-- test.TestInheritance -->
    </test> <!-- TestInheritance -->
  </suite> <!-- Suite -->
</testng-results>
